#
# There is insufficient memory for the Java Runtime Environment to continue.
# Native memory allocation (malloc) failed to allocate 923696 bytes for Chunk::new
# Possible reasons:
#   The system is out of physical RAM or swap space
#   The process is running with CompressedOops enabled, and the Java Heap may be blocking the growth of the native heap
# Possible solutions:
#   Reduce memory load on the system
#   Increase physical memory or swap space
#   Check if swap backing store is full
#   Decrease Java heap size (-Xmx/-Xms)
#   Decrease number of Java threads
#   Decrease Java thread stack sizes (-Xss)
#   Set larger code cache with -XX:ReservedCodeCacheSize=
#   JVM is running with Unscaled Compressed Oops mode in which the Java heap is
#     placed in the first 4GB address space. The Java Heap base address is the
#     maximum limit for the native heap growth. Please use -XX:HeapBaseMinAddress
#     to set the Java Heap base and to place the Java Heap above 4GB virtual address.
# This output file may be truncated or incomplete.
#
#  Out of Memory Error (./open/src/hotspot/share/memory/arena.cpp:197), pid=12296, tid=4412
#
# JRE version: Java(TM) SE Runtime Environment 18.9 (11.0.16+11) (build 11.0.16+11-LTS-199)
# Java VM: Java HotSpot(TM) 64-Bit Server VM 18.9 (11.0.16+11-LTS-199, mixed mode, tiered, compressed oops, g1 gc, windows-amd64)
# No core dump will be written. Minidumps are not enabled by default on client versions of Windows
#

---------------  S U M M A R Y ------------

Command Line: -javaagent:C:\Program Files\JetBrains\IntelliJ IDEA Community Edition 2022.2.3\lib\idea_rt.jar=56218:C:\Program Files\JetBrains\IntelliJ IDEA Community Edition 2022.2.3\bin -Dfile.encoding=UTF-8 com.axis.pros.ProsApplicationKt

Host: Intel(R) Core(TM) i3-7100U CPU @ 2.40GHz, 4 cores, 7G,  Windows 10 , 64 bit Build 19041 (10.0.19041.2364)
Time: Mon Apr 10 17:32:08 2023 India Standard Time elapsed time: 2152.798192 seconds (0d 0h 35m 52s)

---------------  T H R E A D  ---------------

Current thread (0x000002147f3ab000):  JavaThread "C2 CompilerThread0" daemon [_thread_in_native, id=4412, stack(0x00000078c1a00000,0x00000078c1b00000)]


Current CompileTask:
C2:2152798 7808   !   4       java.net.URL::<init> (543 bytes)

Stack: [0x00000078c1a00000,0x00000078c1b00000]
Native frames: (J=compiled Java code, j=interpreted, Vv=VM code, C=native code)
V  [jvm.dll+0x62a3ea]
V  [jvm.dll+0x76418f]
V  [jvm.dll+0x765839]
V  [jvm.dll+0x765ec3]
V  [jvm.dll+0x23da98]
V  [jvm.dll+0xb2a1c]
V  [jvm.dll+0xb2fdc]
V  [jvm.dll+0x341442]
V  [jvm.dll+0x30ec83]
V  [jvm.dll+0x30dfca]
V  [jvm.dll+0x1f84a5]
V  [jvm.dll+0x1f768d]
V  [jvm.dll+0x177c81]
V  [jvm.dll+0x207006]
V  [jvm.dll+0x20519b]
V  [jvm.dll+0x729fa0]
V  [jvm.dll+0x722b74]
V  [jvm.dll+0x629286]
C  [ucrtbase.dll+0x21bb2]
C  [KERNEL32.DLL+0x17614]
C  [ntdll.dll+0x526a1]


---------------  P R O C E S S  ---------------

Threads class SMR info:
_java_thread_list=0x0000021415439310, length=30, elements={
0x000002147f39b800, 0x000002147f394000, 0x0000021411042800, 0x000002147f3a3800,
0x000002147f3a6000, 0x000002147f3ab000, 0x000002141108d000, 0x00000214110a2000,
0x00000214111db000, 0x0000021411855800, 0x0000021413f58800, 0x0000021413fab800,
0x0000021411a08000, 0x0000021411a04800, 0x0000021411a05800, 0x0000021411a06800,
0x0000021411a02000, 0x0000021411a08800, 0x0000021411a07000, 0x0000021411a03000,
0x0000021411a04000, 0x0000021411cb7800, 0x0000021411cb8000, 0x0000021411cb6800,
0x0000021411cb5000, 0x0000021411cb9000, 0x0000021411cb9800, 0x0000021411cb4000,
0x0000021411cba800, 0x0000021411cb5800
}

Java Threads: ( => current thread )
  0x000002147f39b800 JavaThread "Reference Handler" daemon [_thread_blocked, id=7320, stack(0x00000078c1500000,0x00000078c1600000)]
  0x000002147f394000 JavaThread "Finalizer" daemon [_thread_blocked, id=3440, stack(0x00000078c1600000,0x00000078c1700000)]
  0x0000021411042800 JavaThread "Signal Dispatcher" daemon [_thread_blocked, id=4808, stack(0x00000078c1700000,0x00000078c1800000)]
  0x000002147f3a3800 JavaThread "Attach Listener" daemon [_thread_blocked, id=1232, stack(0x00000078c1800000,0x00000078c1900000)]
  0x000002147f3a6000 JavaThread "Service Thread" daemon [_thread_blocked, id=2596, stack(0x00000078c1900000,0x00000078c1a00000)]
=>0x000002147f3ab000 JavaThread "C2 CompilerThread0" daemon [_thread_in_native, id=4412, stack(0x00000078c1a00000,0x00000078c1b00000)]
  0x000002141108d000 JavaThread "C1 CompilerThread0" daemon [_thread_blocked, id=12908, stack(0x00000078c1b00000,0x00000078c1c00000)]
  0x00000214110a2000 JavaThread "Sweeper thread" daemon [_thread_blocked, id=11396, stack(0x00000078c1c00000,0x00000078c1d00000)]
  0x00000214111db000 JavaThread "Common-Cleaner" daemon [_thread_blocked, id=11012, stack(0x00000078c1d00000,0x00000078c1e00000)]
  0x0000021411855800 JavaThread "Monitor Ctrl-Break" daemon [_thread_in_native, id=8008, stack(0x00000078c1e00000,0x00000078c1f00000)]
  0x0000021413f58800 JavaThread "boundedElastic-evictor-1" daemon [_thread_blocked, id=1356, stack(0x00000078c2500000,0x00000078c2600000)]
  0x0000021413fab800 JavaThread "AsyncGetter-2-thread-1" daemon [_thread_blocked, id=9196, stack(0x00000078c2600000,0x00000078c2700000)]
  0x0000021411a08000 JavaThread "cluster-ClusterId{value='6433f26e51f07301f5b2dbe1', description='null'}-localhost:27017" daemon [_thread_blocked, id=7560, stack(0x00000078c2700000,0x00000078c2800000)]
  0x0000021411a04800 JavaThread "cluster-rtt-ClusterId{value='6433f26e51f07301f5b2dbe1', description='null'}-localhost:27017" daemon [_thread_blocked, id=8804, stack(0x00000078c2800000,0x00000078c2900000)]
  0x0000021411a05800 JavaThread "nioEventLoopGroup-3-1" [_thread_in_native, id=4868, stack(0x00000078c2900000,0x00000078c2a00000)]
  0x0000021411a06800 JavaThread "nioEventLoopGroup-3-2" [_thread_in_native, id=9364, stack(0x00000078c2a00000,0x00000078c2b00000)]
  0x0000021411a02000 JavaThread "MaintenanceTimer-1-thread-1" daemon [_thread_blocked, id=12896, stack(0x00000078c2b00000,0x00000078c2c00000)]
  0x0000021411a08800 JavaThread "File Watcher" daemon [_thread_blocked, id=11992, stack(0x00000078c2e00000,0x00000078c2f00000)]
  0x0000021411a07000 JavaThread "spring.cloud.inetutils" daemon [_thread_blocked, id=12856, stack(0x00000078c2d00000,0x00000078c2e00000)]
  0x0000021411a03000 JavaThread "AsyncResolver-bootstrap-0" daemon [_thread_blocked, id=9392, stack(0x00000078c3200000,0x00000078c3300000)]
  0x0000021411a04000 JavaThread "DiscoveryClient-0" daemon [_thread_blocked, id=12820, stack(0x00000078c3300000,0x00000078c3400000)]
  0x0000021411cb7800 JavaThread "DiscoveryClient-1" daemon [_thread_blocked, id=2724, stack(0x00000078c3400000,0x00000078c3500000)]
  0x0000021411cb8000 JavaThread "DiscoveryClient-InstanceInfoReplicator-0" daemon [_thread_blocked, id=12012, stack(0x00000078c3500000,0x00000078c3600000)]
  0x0000021411cb6800 JavaThread "reactor-http-nio-1" daemon [_thread_in_native, id=7748, stack(0x00000078c3600000,0x00000078c3700000)]
  0x0000021411cb5000 JavaThread "server" [_thread_blocked, id=11696, stack(0x00000078c3700000,0x00000078c3800000)]
  0x0000021411cb9000 JavaThread "DestroyJavaVM" [_thread_blocked, id=8212, stack(0x00000078c0e00000,0x00000078c0f00000)]
  0x0000021411cb9800 JavaThread "DiscoveryClient-CacheRefreshExecutor-0" daemon [_thread_blocked, id=6160, stack(0x00000078c0b00000,0x00000078c0c00000)]
  0x0000021411cb4000 JavaThread "DiscoveryClient-HeartbeatExecutor-0" daemon [_thread_blocked, id=8080, stack(0x00000078c0c00000,0x00000078c0d00000)]
  0x0000021411cba800 JavaThread "AsyncResolver-bootstrap-executor-0" daemon [_thread_blocked, id=616, stack(0x00000078c2000000,0x00000078c2100000)]
  0x0000021411cb5800 JavaThread "reactor-http-nio-2" daemon [_thread_in_native, id=9536, stack(0x00000078c2300000,0x00000078c2400000)]

Other Threads:
  0x000002147f368000 VMThread "VM Thread" [stack: 0x00000078c1400000,0x00000078c1500000] [id=8228]
  0x0000021411856000 WatcherThread [stack: 0x00000078c1f00000,0x00000078c2000000] [id=13216]
  0x0000021472cab800 GCTaskThread "GC Thread#0" [stack: 0x00000078c0f00000,0x00000078c1000000] [id=7112]
  0x0000021411ad4000 GCTaskThread "GC Thread#1" [stack: 0x00000078c2100000,0x00000078c2200000] [id=9600]
  0x00000214118a6800 GCTaskThread "GC Thread#2" [stack: 0x00000078c2200000,0x00000078c2300000] [id=12984]
  0x00000214120bd800 GCTaskThread "GC Thread#3" [stack: 0x00000078c2400000,0x00000078c2500000] [id=12728]
  0x0000021472cdb800 ConcurrentGCThread "G1 Main Marker" [stack: 0x00000078c1000000,0x00000078c1100000] [id=12504]
  0x0000021472cde000 ConcurrentGCThread "G1 Conc#0" [stack: 0x00000078c1100000,0x00000078c1200000] [id=7400]
  0x000002147f1d0800 ConcurrentGCThread "G1 Refine#0" [stack: 0x00000078c1200000,0x00000078c1300000] [id=12832]
  0x000002147f1d1800 ConcurrentGCThread "G1 Young RemSet Sampling" [stack: 0x00000078c1300000,0x00000078c1400000] [id=7584]

Threads with active compile tasks:
C2 CompilerThread0  2152856 7808   !   4       java.net.URL::<init> (543 bytes)

VM state:not at safepoint (normal execution)

VM Mutex/Monitor currently owned by a thread: None

Heap address: 0x0000000081600000, size: 2026 MB, Compressed Oops mode: 32-bit
Narrow klass base: 0x0000000000000000, Narrow klass shift: 3
Compressed class space size: 1073741824 Address: 0x0000000100000000

Heap:
 garbage-first heap   total 157696K, used 40275K [0x0000000081600000, 0x0000000100000000)
  region size 1024K, 20 young (20480K), 6 survivors (6144K)
 Metaspace       used 66724K, capacity 68460K, committed 68608K, reserved 1110016K
  class space    used 8110K, capacity 8836K, committed 8960K, reserved 1048576K
Heap Regions: E=young(eden), S=young(survivor), O=old, HS=humongous(starts), HC=humongous(continues), CS=collection set, F=free, A=archive, TAMS=top-at-mark-start (previous, next)
|   0|0x0000000081600000, 0x0000000081700000, 0x0000000081700000|100%| O|  |TAMS 0x0000000081700000, 0x0000000081600000| Untracked 
|   1|0x0000000081700000, 0x0000000081800000, 0x0000000081800000|100%| O|  |TAMS 0x0000000081800000, 0x0000000081700000| Untracked 
|   2|0x0000000081800000, 0x0000000081900000, 0x0000000081900000|100%| O|  |TAMS 0x0000000081900000, 0x0000000081800000| Untracked 
|   3|0x0000000081900000, 0x0000000081a00000, 0x0000000081a00000|100%| O|  |TAMS 0x0000000081a00000, 0x0000000081900000| Untracked 
|   4|0x0000000081a00000, 0x0000000081b00000, 0x0000000081b00000|100%| O|  |TAMS 0x0000000081b00000, 0x0000000081a00000| Untracked 
|   5|0x0000000081b00000, 0x0000000081c00000, 0x0000000081c00000|100%| O|  |TAMS 0x0000000081c00000, 0x0000000081b00000| Untracked 
|   6|0x0000000081c00000, 0x0000000081d00000, 0x0000000081d00000|100%| O|  |TAMS 0x0000000081d00000, 0x0000000081c00000| Untracked 
|   7|0x0000000081d00000, 0x0000000081e00000, 0x0000000081e00000|100%| O|  |TAMS 0x0000000081e00000, 0x0000000081d00000| Untracked 
|   8|0x0000000081e00000, 0x0000000081f00000, 0x0000000081f00000|100%| O|  |TAMS 0x0000000081f00000, 0x0000000081e00000| Untracked 
|   9|0x0000000081f00000, 0x0000000082000000, 0x0000000082000000|100%| O|  |TAMS 0x0000000082000000, 0x0000000081f00000| Untracked 
|  10|0x0000000082000000, 0x0000000082100000, 0x0000000082100000|100%| O|  |TAMS 0x0000000082100000, 0x0000000082000000| Untracked 
|  11|0x0000000082100000, 0x0000000082200000, 0x0000000082200000|100%| O|  |TAMS 0x0000000082200000, 0x0000000082100000| Untracked 
|  12|0x0000000082200000, 0x0000000082300000, 0x0000000082300000|100%| O|  |TAMS 0x0000000082300000, 0x0000000082200000| Untracked 
|  13|0x0000000082300000, 0x0000000082400000, 0x0000000082400000|100%| O|  |TAMS 0x0000000082400000, 0x0000000082300000| Untracked 
|  14|0x0000000082400000, 0x0000000082500000, 0x0000000082500000|100%| O|  |TAMS 0x0000000082500000, 0x0000000082400000| Untracked 
|  15|0x0000000082500000, 0x0000000082600000, 0x0000000082600000|100%| O|  |TAMS 0x0000000082600000, 0x0000000082500000| Untracked 
|  16|0x0000000082600000, 0x0000000082700000, 0x0000000082700000|100%| O|  |TAMS 0x00000000826bc200, 0x0000000082600000| Untracked 
|  17|0x0000000082700000, 0x0000000082800000, 0x0000000082800000|100%| O|  |TAMS 0x0000000082700000, 0x0000000082700000| Untracked 
|  18|0x0000000082800000, 0x0000000082900000, 0x0000000082900000|100%| O|  |TAMS 0x0000000082800000, 0x0000000082800000| Untracked 
|  19|0x0000000082900000, 0x0000000082a00000, 0x0000000082a00000|100%| O|  |TAMS 0x0000000082900000, 0x0000000082900000| Untracked 
|  20|0x0000000082a00000, 0x0000000082b00000, 0x0000000082b00000|100%| O|  |TAMS 0x0000000082a00000, 0x0000000082a00000| Untracked 
|  21|0x0000000082b00000, 0x0000000082ba5a00, 0x0000000082c00000| 64%| O|  |TAMS 0x0000000082b00000, 0x0000000082b00000| Untracked 
|  22|0x0000000082c00000, 0x0000000082c00000, 0x0000000082d00000|  0%| F|  |TAMS 0x0000000082c00000, 0x0000000082c00000| Untracked 
|  23|0x0000000082d00000, 0x0000000082d00000, 0x0000000082e00000|  0%| F|  |TAMS 0x0000000082d00000, 0x0000000082d00000| Untracked 
|  24|0x0000000082e00000, 0x0000000082e00000, 0x0000000082f00000|  0%| F|  |TAMS 0x0000000082e00000, 0x0000000082e00000| Untracked 
|  25|0x0000000082f00000, 0x0000000082f00000, 0x0000000083000000|  0%| F|  |TAMS 0x0000000082f00000, 0x0000000082f00000| Untracked 
|  26|0x0000000083000000, 0x0000000083000000, 0x0000000083100000|  0%| F|  |TAMS 0x0000000083000000, 0x0000000083000000| Untracked 
|  27|0x0000000083100000, 0x0000000083100000, 0x0000000083200000|  0%| F|  |TAMS 0x0000000083100000, 0x0000000083100000| Untracked 
|  28|0x0000000083200000, 0x0000000083200000, 0x0000000083300000|  0%| F|  |TAMS 0x0000000083200000, 0x0000000083200000| Untracked 
|  29|0x0000000083300000, 0x0000000083300000, 0x0000000083400000|  0%| F|  |TAMS 0x0000000083300000, 0x0000000083300000| Untracked 
|  30|0x0000000083400000, 0x0000000083400000, 0x0000000083500000|  0%| F|  |TAMS 0x0000000083400000, 0x0000000083400000| Untracked 
|  31|0x0000000083500000, 0x0000000083500000, 0x0000000083600000|  0%| F|  |TAMS 0x0000000083500000, 0x0000000083500000| Untracked 
|  32|0x0000000083600000, 0x0000000083600000, 0x0000000083700000|  0%| F|  |TAMS 0x0000000083600000, 0x0000000083600000| Untracked 
|  33|0x0000000083700000, 0x0000000083700000, 0x0000000083800000|  0%| F|  |TAMS 0x0000000083700000, 0x0000000083700000| Untracked 
|  34|0x0000000083800000, 0x0000000083800000, 0x0000000083900000|  0%| F|  |TAMS 0x0000000083800000, 0x0000000083800000| Untracked 
|  35|0x0000000083900000, 0x0000000083900000, 0x0000000083a00000|  0%| F|  |TAMS 0x0000000083900000, 0x0000000083900000| Untracked 
|  36|0x0000000083a00000, 0x0000000083a00000, 0x0000000083b00000|  0%| F|  |TAMS 0x0000000083a00000, 0x0000000083a00000| Untracked 
|  37|0x0000000083b00000, 0x0000000083b00000, 0x0000000083c00000|  0%| F|  |TAMS 0x0000000083b00000, 0x0000000083b00000| Untracked 
|  38|0x0000000083c00000, 0x0000000083c00000, 0x0000000083d00000|  0%| F|  |TAMS 0x0000000083c00000, 0x0000000083c00000| Untracked 
|  39|0x0000000083d00000, 0x0000000083d00000, 0x0000000083e00000|  0%| F|  |TAMS 0x0000000083d00000, 0x0000000083d00000| Untracked 
|  40|0x0000000083e00000, 0x0000000083e00000, 0x0000000083f00000|  0%| F|  |TAMS 0x0000000083e00000, 0x0000000083e00000| Untracked 
|  41|0x0000000083f00000, 0x0000000083f00000, 0x0000000084000000|  0%| F|  |TAMS 0x0000000083f00000, 0x0000000083f00000| Untracked 
|  42|0x0000000084000000, 0x0000000084000000, 0x0000000084100000|  0%| F|  |TAMS 0x0000000084000000, 0x0000000084000000| Untracked 
|  43|0x0000000084100000, 0x0000000084100000, 0x0000000084200000|  0%| F|  |TAMS 0x0000000084100000, 0x0000000084100000| Untracked 
|  44|0x0000000084200000, 0x0000000084200000, 0x0000000084300000|  0%| F|  |TAMS 0x0000000084200000, 0x0000000084200000| Untracked 
|  45|0x0000000084300000, 0x0000000084300000, 0x0000000084400000|  0%| F|  |TAMS 0x0000000084300000, 0x0000000084300000| Untracked 
|  46|0x0000000084400000, 0x0000000084400000, 0x0000000084500000|  0%| F|  |TAMS 0x0000000084400000, 0x0000000084400000| Untracked 
|  47|0x0000000084500000, 0x0000000084500000, 0x0000000084600000|  0%| F|  |TAMS 0x0000000084500000, 0x0000000084500000| Untracked 
|  48|0x0000000084600000, 0x0000000084600000, 0x0000000084700000|  0%| F|  |TAMS 0x0000000084600000, 0x0000000084600000| Untracked 
|  49|0x0000000084700000, 0x0000000084700000, 0x0000000084800000|  0%| F|  |TAMS 0x0000000084700000, 0x0000000084700000| Untracked 
|  50|0x0000000084800000, 0x0000000084800000, 0x0000000084900000|  0%| F|  |TAMS 0x0000000084800000, 0x0000000084800000| Untracked 
|  51|0x0000000084900000, 0x0000000084900000, 0x0000000084a00000|  0%| F|  |TAMS 0x0000000084900000, 0x0000000084900000| Untracked 
|  52|0x0000000084a00000, 0x0000000084a00000, 0x0000000084b00000|  0%| F|  |TAMS 0x0000000084a00000, 0x0000000084a00000| Untracked 
|  53|0x0000000084b00000, 0x0000000084b00000, 0x0000000084c00000|  0%| F|  |TAMS 0x0000000084b00000, 0x0000000084b00000| Untracked 
|  54|0x0000000084c00000, 0x0000000084c00000, 0x0000000084d00000|  0%| F|  |TAMS 0x0000000084c00000, 0x0000000084c00000| Untracked 
|  55|0x0000000084d00000, 0x0000000084d00000, 0x0000000084e00000|  0%| F|  |TAMS 0x0000000084d00000, 0x0000000084d00000| Untracked 
|  56|0x0000000084e00000, 0x0000000084eaf2e0, 0x0000000084f00000| 68%| S|CS|TAMS 0x0000000084e00000, 0x0000000084e00000| Complete 
|  57|0x0000000084f00000, 0x0000000085000000, 0x0000000085000000|100%| S|CS|TAMS 0x0000000084f00000, 0x0000000084f00000| Complete 
|  58|0x0000000085000000, 0x0000000085100000, 0x0000000085100000|100%| S|CS|TAMS 0x0000000085000000, 0x0000000085000000| Complete 
|  59|0x0000000085100000, 0x0000000085200000, 0x0000000085200000|100%| S|CS|TAMS 0x0000000085100000, 0x0000000085100000| Complete 
|  60|0x0000000085200000, 0x0000000085300000, 0x0000000085300000|100%| S|CS|TAMS 0x0000000085200000, 0x0000000085200000| Complete 
|  61|0x0000000085300000, 0x0000000085400000, 0x0000000085400000|100%| S|CS|TAMS 0x0000000085300000, 0x0000000085300000| Complete 
|  62|0x0000000085400000, 0x0000000085400000, 0x0000000085500000|  0%| F|  |TAMS 0x0000000085400000, 0x0000000085400000| Untracked 
|  63|0x0000000085500000, 0x0000000085500000, 0x0000000085600000|  0%| F|  |TAMS 0x0000000085500000, 0x0000000085500000| Untracked 
|  64|0x0000000085600000, 0x0000000085600000, 0x0000000085700000|  0%| F|  |TAMS 0x0000000085600000, 0x0000000085600000| Untracked 
|  65|0x0000000085700000, 0x0000000085700000, 0x0000000085800000|  0%| F|  |TAMS 0x0000000085700000, 0x0000000085700000| Untracked 
|  66|0x0000000085800000, 0x0000000085800000, 0x0000000085900000|  0%| F|  |TAMS 0x0000000085800000, 0x0000000085800000| Untracked 
|  67|0x0000000085900000, 0x0000000085900000, 0x0000000085a00000|  0%| F|  |TAMS 0x0000000085900000, 0x0000000085900000| Untracked 
|  68|0x0000000085a00000, 0x0000000085a00000, 0x0000000085b00000|  0%| F|  |TAMS 0x0000000085a00000, 0x0000000085a00000| Untracked 
|  69|0x0000000085b00000, 0x0000000085b00000, 0x0000000085c00000|  0%| F|  |TAMS 0x0000000085b00000, 0x0000000085b00000| Untracked 
|  70|0x0000000085c00000, 0x0000000085c00000, 0x0000000085d00000|  0%| F|  |TAMS 0x0000000085c00000, 0x0000000085c00000| Untracked 
|  71|0x0000000085d00000, 0x0000000085d00000, 0x0000000085e00000|  0%| F|  |TAMS 0x0000000085d00000, 0x0000000085d00000| Untracked 
|  72|0x0000000085e00000, 0x0000000085e00000, 0x0000000085f00000|  0%| F|  |TAMS 0x0000000085e00000, 0x0000000085e00000| Untracked 
|  73|0x0000000085f00000, 0x0000000085f00000, 0x0000000086000000|  0%| F|  |TAMS 0x0000000085f00000, 0x0000000085f00000| Untracked 
|  74|0x0000000086000000, 0x0000000086000000, 0x0000000086100000|  0%| F|  |TAMS 0x0000000086000000, 0x0000000086000000| Untracked 
|  75|0x0000000086100000, 0x0000000086100000, 0x0000000086200000|  0%| F|  |TAMS 0x0000000086100000, 0x0000000086100000| Untracked 
|  76|0x0000000086200000, 0x0000000086200000, 0x0000000086300000|  0%| F|  |TAMS 0x0000000086200000, 0x0000000086200000| Untracked 
|  77|0x0000000086300000, 0x0000000086300000, 0x0000000086400000|  0%| F|  |TAMS 0x0000000086300000, 0x0000000086300000| Untracked 
|  78|0x0000000086400000, 0x0000000086400000, 0x0000000086500000|  0%| F|  |TAMS 0x0000000086400000, 0x0000000086400000| Untracked 
|  79|0x0000000086500000, 0x0000000086500000, 0x0000000086600000|  0%| F|  |TAMS 0x0000000086500000, 0x0000000086500000| Untracked 
|  80|0x0000000086600000, 0x0000000086600000, 0x0000000086700000|  0%| F|  |TAMS 0x0000000086600000, 0x0000000086600000| Untracked 
|  81|0x0000000086700000, 0x0000000086700000, 0x0000000086800000|  0%| F|  |TAMS 0x0000000086700000, 0x0000000086700000| Untracked 
|  82|0x0000000086800000, 0x0000000086800000, 0x0000000086900000|  0%| F|  |TAMS 0x0000000086800000, 0x0000000086800000| Untracked 
|  83|0x0000000086900000, 0x0000000086900000, 0x0000000086a00000|  0%| F|  |TAMS 0x0000000086900000, 0x0000000086900000| Untracked 
|  84|0x0000000086a00000, 0x0000000086a00000, 0x0000000086b00000|  0%| F|  |TAMS 0x0000000086a00000, 0x0000000086a00000| Untracked 
|  85|0x0000000086b00000, 0x0000000086b00000, 0x0000000086c00000|  0%| F|  |TAMS 0x0000000086b00000, 0x0000000086b00000| Untracked 
|  86|0x0000000086c00000, 0x0000000086c00000, 0x0000000086d00000|  0%| F|  |TAMS 0x0000000086c00000, 0x0000000086c00000| Untracked 
|  87|0x0000000086d00000, 0x0000000086d00000, 0x0000000086e00000|  0%| F|  |TAMS 0x0000000086d00000, 0x0000000086d00000| Untracked 
|  88|0x0000000086e00000, 0x0000000086e00000, 0x0000000086f00000|  0%| F|  |TAMS 0x0000000086e00000, 0x0000000086e00000| Untracked 
|  89|0x0000000086f00000, 0x0000000086f00000, 0x0000000087000000|  0%| F|  |TAMS 0x0000000086f00000, 0x0000000086f00000| Untracked 
|  90|0x0000000087000000, 0x0000000087000000, 0x0000000087100000|  0%| F|  |TAMS 0x0000000087000000, 0x0000000087000000| Untracked 
|  91|0x0000000087100000, 0x0000000087100000, 0x0000000087200000|  0%| F|  |TAMS 0x0000000087100000, 0x0000000087100000| Untracked 
|  92|0x0000000087200000, 0x0000000087200000, 0x0000000087300000|  0%| F|  |TAMS 0x0000000087200000, 0x0000000087200000| Untracked 
|  93|0x0000000087300000, 0x0000000087300000, 0x0000000087400000|  0%| F|  |TAMS 0x0000000087300000, 0x0000000087300000| Untracked 
|  94|0x0000000087400000, 0x0000000087400000, 0x0000000087500000|  0%| F|  |TAMS 0x0000000087400000, 0x0000000087400000| Untracked 
|  95|0x0000000087500000, 0x0000000087500000, 0x0000000087600000|  0%| F|  |TAMS 0x0000000087500000, 0x0000000087500000| Untracked 
|  96|0x0000000087600000, 0x0000000087600000, 0x0000000087700000|  0%| F|  |TAMS 0x0000000087600000, 0x0000000087600000| Untracked 
|  97|0x0000000087700000, 0x0000000087700000, 0x0000000087800000|  0%| F|  |TAMS 0x0000000087700000, 0x0000000087700000| Untracked 
|  98|0x0000000087800000, 0x0000000087800000, 0x0000000087900000|  0%| F|  |TAMS 0x0000000087800000, 0x0000000087800000| Untracked 
|  99|0x0000000087900000, 0x0000000087900000, 0x0000000087a00000|  0%| F|  |TAMS 0x0000000087900000, 0x0000000087900000| Untracked 
| 100|0x0000000087a00000, 0x0000000087a00000, 0x0000000087b00000|  0%| F|  |TAMS 0x0000000087a00000, 0x0000000087a00000| Untracked 
| 101|0x0000000087b00000, 0x0000000087b00000, 0x0000000087c00000|  0%| F|  |TAMS 0x0000000087b00000, 0x0000000087b00000| Untracked 
| 102|0x0000000087c00000, 0x0000000087c00000, 0x0000000087d00000|  0%| F|  |TAMS 0x0000000087c00000, 0x0000000087c00000| Untracked 
| 103|0x0000000087d00000, 0x0000000087d00000, 0x0000000087e00000|  0%| F|  |TAMS 0x0000000087d00000, 0x0000000087d00000| Untracked 
| 104|0x0000000087e00000, 0x0000000087e00000, 0x0000000087f00000|  0%| F|  |TAMS 0x0000000087e00000, 0x0000000087e00000| Untracked 
| 105|0x0000000087f00000, 0x0000000087f00000, 0x0000000088000000|  0%| F|  |TAMS 0x0000000087f00000, 0x0000000087f00000| Untracked 
| 106|0x0000000088000000, 0x0000000088000000, 0x0000000088100000|  0%| F|  |TAMS 0x0000000088000000, 0x0000000088000000| Untracked 
| 107|0x0000000088100000, 0x0000000088100000, 0x0000000088200000|  0%| F|  |TAMS 0x0000000088100000, 0x0000000088100000| Untracked 
| 108|0x0000000088200000, 0x0000000088200000, 0x0000000088300000|  0%| F|  |TAMS 0x0000000088200000, 0x0000000088200000| Untracked 
| 109|0x0000000088300000, 0x0000000088300000, 0x0000000088400000|  0%| F|  |TAMS 0x0000000088300000, 0x0000000088300000| Untracked 
| 110|0x0000000088400000, 0x0000000088400000, 0x0000000088500000|  0%| F|  |TAMS 0x0000000088400000, 0x0000000088400000| Untracked 
| 111|0x0000000088500000, 0x0000000088500000, 0x0000000088600000|  0%| F|  |TAMS 0x0000000088500000, 0x0000000088500000| Untracked 
| 112|0x0000000088600000, 0x0000000088600000, 0x0000000088700000|  0%| F|  |TAMS 0x0000000088600000, 0x0000000088600000| Untracked 
| 113|0x0000000088700000, 0x0000000088700000, 0x0000000088800000|  0%| F|  |TAMS 0x0000000088700000, 0x0000000088700000| Untracked 
| 114|0x0000000088800000, 0x0000000088800000, 0x0000000088900000|  0%| F|  |TAMS 0x0000000088800000, 0x0000000088800000| Untracked 
| 115|0x0000000088900000, 0x0000000088900000, 0x0000000088a00000|  0%| F|  |TAMS 0x0000000088900000, 0x0000000088900000| Untracked 
| 116|0x0000000088a00000, 0x0000000088a00000, 0x0000000088b00000|  0%| F|  |TAMS 0x0000000088a00000, 0x0000000088a00000| Untracked 
| 117|0x0000000088b00000, 0x0000000088b00000, 0x0000000088c00000|  0%| F|  |TAMS 0x0000000088b00000, 0x0000000088b00000| Untracked 
| 118|0x0000000088c00000, 0x0000000088c00000, 0x0000000088d00000|  0%| F|  |TAMS 0x0000000088c00000, 0x0000000088c00000| Untracked 
| 119|0x0000000088d00000, 0x0000000088d00000, 0x0000000088e00000|  0%| F|  |TAMS 0x0000000088d00000, 0x0000000088d00000| Untracked 
| 120|0x0000000088e00000, 0x0000000088e00000, 0x0000000088f00000|  0%| F|  |TAMS 0x0000000088e00000, 0x0000000088e00000| Untracked 
| 121|0x0000000088f00000, 0x0000000088f00000, 0x0000000089000000|  0%| F|  |TAMS 0x0000000088f00000, 0x0000000088f00000| Untracked 
| 122|0x0000000089000000, 0x0000000089000000, 0x0000000089100000|  0%| F|  |TAMS 0x0000000089000000, 0x0000000089000000| Untracked 
| 123|0x0000000089100000, 0x0000000089100000, 0x0000000089200000|  0%| F|  |TAMS 0x0000000089100000, 0x0000000089100000| Untracked 
| 124|0x0000000089200000, 0x0000000089200000, 0x0000000089300000|  0%| F|  |TAMS 0x0000000089200000, 0x0000000089200000| Untracked 
| 125|0x0000000089300000, 0x0000000089300000, 0x0000000089400000|  0%| F|  |TAMS 0x0000000089300000, 0x0000000089300000| Untracked 
| 126|0x0000000089400000, 0x0000000089400000, 0x0000000089500000|  0%| F|  |TAMS 0x0000000089400000, 0x0000000089400000| Untracked 
| 127|0x0000000089500000, 0x0000000089500000, 0x0000000089600000|  0%| F|  |TAMS 0x0000000089500000, 0x0000000089500000| Untracked 
| 128|0x0000000089600000, 0x0000000089600000, 0x0000000089700000|  0%| F|  |TAMS 0x0000000089600000, 0x0000000089600000| Untracked 
| 129|0x0000000089700000, 0x0000000089700000, 0x0000000089800000|  0%| F|  |TAMS 0x0000000089700000, 0x0000000089700000| Untracked 
| 130|0x0000000089800000, 0x0000000089800000, 0x0000000089900000|  0%| F|  |TAMS 0x0000000089800000, 0x0000000089800000| Untracked 
| 131|0x0000000089900000, 0x0000000089900000, 0x0000000089a00000|  0%| F|  |TAMS 0x0000000089900000, 0x0000000089900000| Untracked 
| 132|0x0000000089a00000, 0x0000000089a00000, 0x0000000089b00000|  0%| F|  |TAMS 0x0000000089a00000, 0x0000000089a00000| Untracked 
| 133|0x0000000089b00000, 0x0000000089b00000, 0x0000000089c00000|  0%| F|  |TAMS 0x0000000089b00000, 0x0000000089b00000| Untracked 
| 134|0x0000000089c00000, 0x0000000089c00000, 0x0000000089d00000|  0%| F|  |TAMS 0x0000000089c00000, 0x0000000089c00000| Untracked 
| 135|0x0000000089d00000, 0x0000000089d00000, 0x0000000089e00000|  0%| F|  |TAMS 0x0000000089d00000, 0x0000000089d00000| Untracked 
| 136|0x0000000089e00000, 0x0000000089e00000, 0x0000000089f00000|  0%| F|  |TAMS 0x0000000089e00000, 0x0000000089e00000| Untracked 
| 137|0x0000000089f00000, 0x0000000089f00000, 0x000000008a000000|  0%| F|  |TAMS 0x0000000089f00000, 0x0000000089f00000| Untracked 
| 138|0x000000008a000000, 0x000000008a000000, 0x000000008a100000|  0%| F|  |TAMS 0x000000008a000000, 0x000000008a000000| Untracked 
| 139|0x000000008a100000, 0x000000008a100000, 0x000000008a200000|  0%| F|  |TAMS 0x000000008a100000, 0x000000008a100000| Untracked 
| 140|0x000000008a200000, 0x000000008a2b0a78, 0x000000008a300000| 69%| E|  |TAMS 0x000000008a200000, 0x000000008a200000| Complete 
| 141|0x000000008a300000, 0x000000008a400000, 0x000000008a400000|100%| E|CS|TAMS 0x000000008a300000, 0x000000008a300000| Complete 
| 142|0x000000008a400000, 0x000000008a500000, 0x000000008a500000|100%| E|  |TAMS 0x000000008a400000, 0x000000008a400000| Complete 
| 143|0x000000008a500000, 0x000000008a600000, 0x000000008a600000|100%| E|CS|TAMS 0x000000008a500000, 0x000000008a500000| Complete 
| 144|0x000000008a600000, 0x000000008a700000, 0x000000008a700000|100%| E|CS|TAMS 0x000000008a600000, 0x000000008a600000| Complete 
| 145|0x000000008a700000, 0x000000008a800000, 0x000000008a800000|100%| E|CS|TAMS 0x000000008a700000, 0x000000008a700000| Complete 
| 146|0x000000008a800000, 0x000000008a900000, 0x000000008a900000|100%| E|CS|TAMS 0x000000008a800000, 0x000000008a800000| Complete 
| 147|0x000000008a900000, 0x000000008aa00000, 0x000000008aa00000|100%| E|CS|TAMS 0x000000008a900000, 0x000000008a900000| Complete 
| 148|0x000000008aa00000, 0x000000008ab00000, 0x000000008ab00000|100%| E|CS|TAMS 0x000000008aa00000, 0x000000008aa00000| Complete 
| 149|0x000000008ab00000, 0x000000008ac00000, 0x000000008ac00000|100%| E|CS|TAMS 0x000000008ab00000, 0x000000008ab00000| Complete 
| 150|0x000000008ac00000, 0x000000008ad00000, 0x000000008ad00000|100%| E|CS|TAMS 0x000000008ac00000, 0x000000008ac00000| Complete 
| 151|0x000000008ad00000, 0x000000008ae00000, 0x000000008ae00000|100%| E|CS|TAMS 0x000000008ad00000, 0x000000008ad00000| Complete 
| 152|0x000000008ae00000, 0x000000008af00000, 0x000000008af00000|100%| E|CS|TAMS 0x000000008ae00000, 0x000000008ae00000| Complete 
| 153|0x000000008af00000, 0x000000008b000000, 0x000000008b000000|100%| E|CS|TAMS 0x000000008af00000, 0x000000008af00000| Complete 

Card table byte_map: [0x000002147a730000,0x000002147ab30000] _byte_map_base: 0x000002147a325000

Marking Bits (Prev, Next): (CMBitMap*) 0x0000021472cd2dc0, (CMBitMap*) 0x0000021472cd2d88
 Prev Bits: [0x000002147cee0000, 0x000002147ee88000)
 Next Bits: [0x000002147af30000, 0x000002147ced8000)

Polling page: 0x0000021470e20000

Metaspace:

Usage:
  Non-class:     58.23 MB capacity,    57.25 MB ( 98%) used,   793.20 KB (  1%) free+waste,   208.81 KB ( <1%) overhead. 
      Class:      8.63 MB capacity,     7.92 MB ( 92%) used,   622.16 KB (  7%) free+waste,   101.06 KB (  1%) overhead. 
       Both:     66.86 MB capacity,    65.17 MB ( 97%) used,     1.38 MB (  2%) free+waste,   309.88 KB ( <1%) overhead. 

Virtual space:
  Non-class space:       60.00 MB reserved,      58.25 MB ( 97%) committed 
      Class space:        1.00 GB reserved,       8.75 MB ( <1%) committed 
             Both:        1.06 GB reserved,      67.00 MB (  6%) committed 

Chunk freelists:
   Non-Class:  3.00 KB
       Class:  3.50 KB
        Both:  6.50 KB

CodeHeap 'non-profiled nmethods': size=120064Kb used=4209Kb max_used=4209Kb free=115854Kb
 bounds [0x0000021407ac0000, 0x0000021407ee0000, 0x000002140f000000]
CodeHeap 'profiled nmethods': size=120000Kb used=17218Kb max_used=17218Kb free=102781Kb
 bounds [0x0000021400590000, 0x0000021401670000, 0x0000021407ac0000]
CodeHeap 'non-nmethods': size=5696Kb used=1266Kb max_used=1295Kb free=4430Kb
 bounds [0x0000021400000000, 0x0000021400270000, 0x0000021400590000]
 total_blobs=8418 nmethods=7763 adapters=565
 compilation: enabled
              stopped_count=0, restarted_count=0
 full_count=0

Compilation events (10 events):
Event: 2152.646 Thread 0x000002141108d000 7810       3       io.netty.buffer.AbstractByteBuf::setIndex (23 bytes)
Event: 2152.646 Thread 0x000002141108d000 nmethod 7810 0x0000021401659d90 code [0x0000021401659f40, 0x000002140165a1b8]
Event: 2152.677 Thread 0x000002141108d000 7813       3       java.util.regex.Pattern$Node::study (21 bytes)
Event: 2152.678 Thread 0x000002141108d000 nmethod 7813 0x000002140165a290 code [0x000002140165a440, 0x000002140165a648]
Event: 2152.744 Thread 0x000002141108d000 7814   !   3       java.util.zip.ZipFile::entries (35 bytes)
Event: 2152.745 Thread 0x000002141108d000 nmethod 7814 0x000002140165a710 code [0x000002140165a8e0, 0x000002140165ada8]
Event: 2152.769 Thread 0x000002141108d000 7816       2       java.util.jar.JarFile::maybeInstantiateVerifier (112 bytes)
Event: 2152.771 Thread 0x000002141108d000 nmethod 7816 0x000002140165af90 code [0x000002140165b1a0, 0x000002140165b5d8]
Event: 2152.780 Thread 0x000002141108d000 7817   !   2       jdk.internal.loader.BuiltinClassLoader::findClassOnClassPathOrNull (64 bytes)
Event: 2152.783 Thread 0x000002141108d000 nmethod 7817 0x000002140165b990 code [0x000002140165bb80, 0x000002140165be58]

GC Heap History (10 events):
Event: 11.848 GC heap before
{Heap before GC invocations=7 (full 0):
 garbage-first heap   total 131072K, used 74918K [0x0000000081600000, 0x0000000100000000)
  region size 1024K, 68 young (69632K), 6 survivors (6144K)
 Metaspace       used 35060K, capacity 35769K, committed 35840K, reserved 1081344K
  class space    used 4019K, capacity 4291K, committed 4352K, reserved 1048576K
}
Event: 11.866 GC heap after
{Heap after GC invocations=8 (full 0):
 garbage-first heap   total 131072K, used 14331K [0x0000000081600000, 0x0000000100000000)
  region size 1024K, 7 young (7168K), 7 survivors (7168K)
 Metaspace       used 35060K, capacity 35769K, committed 35840K, reserved 1081344K
  class space    used 4019K, capacity 4291K, committed 4352K, reserved 1048576K
}
Event: 23.610 GC heap before
{Heap before GC invocations=9 (full 0):
 garbage-first heap   total 131072K, used 84987K [0x0000000081600000, 0x0000000100000000)
  region size 1024K, 76 young (77824K), 7 survivors (7168K)
 Metaspace       used 44376K, capacity 45339K, committed 45440K, reserved 1089536K
  class space    used 5305K, capacity 5678K, committed 5760K, reserved 1048576K
}
Event: 23.633 GC heap after
{Heap after GC invocations=10 (full 0):
 garbage-first heap   total 157696K, used 17658K [0x0000000081600000, 0x0000000100000000)
  region size 1024K, 8 young (8192K), 8 survivors (8192K)
 Metaspace       used 44376K, capacity 45339K, committed 45440K, reserved 1089536K
  class space    used 5305K, capacity 5678K, committed 5760K, reserved 1048576K
}
Event: 33.036 GC heap before
{Heap before GC invocations=10 (full 0):
 garbage-first heap   total 157696K, used 103674K [0x0000000081600000, 0x0000000100000000)
  region size 1024K, 92 young (94208K), 8 survivors (8192K)
 Metaspace       used 55401K, capacity 56830K, committed 57088K, reserved 1099776K
  class space    used 6792K, capacity 7390K, committed 7424K, reserved 1048576K
}
Event: 33.057 GC heap after
{Heap after GC invocations=11 (full 0):
 garbage-first heap   total 157696K, used 22458K [0x0000000081600000, 0x0000000100000000)
  region size 1024K, 11 young (11264K), 11 survivors (11264K)
 Metaspace       used 55401K, capacity 56830K, committed 57088K, reserved 1099776K
  class space    used 6792K, capacity 7390K, committed 7424K, reserved 1048576K
}
Event: 36.906 GC heap before
{Heap before GC invocations=11 (full 0):
 garbage-first heap   total 157696K, used 48058K [0x0000000081600000, 0x0000000100000000)
  region size 1024K, 37 young (37888K), 11 survivors (11264K)
 Metaspace       used 58435K, capacity 60016K, committed 60160K, reserved 1101824K
  class space    used 7207K, capacity 7853K, committed 7936K, reserved 1048576K
}
Event: 36.928 GC heap after
{Heap after GC invocations=12 (full 0):
 garbage-first heap   total 157696K, used 24775K [0x0000000081600000, 0x0000000100000000)
  region size 1024K, 8 young (8192K), 8 survivors (8192K)
 Metaspace       used 58435K, capacity 60016K, committed 60160K, reserved 1101824K
  class space    used 7207K, capacity 7853K, committed 7936K, reserved 1048576K
}
Event: 1852.709 GC heap before
{Heap before GC invocations=13 (full 0):
 garbage-first heap   total 157696K, used 110791K [0x0000000081600000, 0x0000000100000000)
  region size 1024K, 92 young (94208K), 8 survivors (8192K)
 Metaspace       used 65880K, capacity 67610K, committed 67712K, reserved 1107968K
  class space    used 8033K, capacity 8766K, committed 8832K, reserved 1048576K
}
Event: 1852.830 GC heap after
{Heap after GC invocations=14 (full 0):
 garbage-first heap   total 157696K, used 27987K [0x0000000081600000, 0x0000000100000000)
  region size 1024K, 6 young (6144K), 6 survivors (6144K)
 Metaspace       used 65880K, capacity 67610K, committed 67712K, reserved 1107968K
  class space    used 8033K, capacity 8766K, committed 8832K, reserved 1048576K
}

Deoptimization events (10 events):
Event: 561.717 Thread 0x0000021411a04800 Uncommon trap: reason=class_check action=maybe_recompile pc=0x0000021407e71f7c method=com.mongodb.connection.netty.NettyByteBuf.remaining()I @ 11 c2
Event: 561.717 Thread 0x0000021411a04800 Uncommon trap: reason=class_check action=maybe_recompile pc=0x0000021407e71f7c method=com.mongodb.connection.netty.NettyByteBuf.remaining()I @ 11 c2
Event: 561.718 Thread 0x0000021411a04800 Uncommon trap: reason=class_check action=maybe_recompile pc=0x0000021407e6878c method=com.mongodb.connection.netty.NettyByteBuf.remaining()I @ 11 c2
Event: 561.718 Thread 0x0000021411a04800 Uncommon trap: reason=class_check action=maybe_recompile pc=0x0000021407e6aae0 method=com.mongodb.connection.netty.NettyByteBuf.remaining()I @ 11 c2
Event: 2152.618 Thread 0x0000021411cb5800 Uncommon trap: reason=unstable_if action=reinterpret pc=0x0000021407ad2cc4 method=java.lang.CharacterData.of(I)Ljava/lang/CharacterData; @ 4 c2
Event: 2152.622 Thread 0x0000021411cb5800 Uncommon trap: reason=unstable_if action=reinterpret pc=0x0000021407b31780 method=java.lang.CharacterDataLatin1.isWhitespace(I)Z @ 14 c2
Event: 2152.660 Thread 0x0000021411cb5800 Uncommon trap: reason=class_check action=maybe_recompile pc=0x0000021407e88a64 method=io.netty.buffer.AbstractByteBuf.ensureWritable0(I)V @ 1 c2
Event: 2152.660 Thread 0x0000021411cb5800 Uncommon trap: reason=class_check action=maybe_recompile pc=0x0000021407e88a64 method=io.netty.buffer.AbstractByteBuf.ensureWritable0(I)V @ 1 c2
Event: 2152.662 Thread 0x0000021411cb5800 Uncommon trap: reason=class_check action=maybe_recompile pc=0x0000021407e6b644 method=io.netty.buffer.AbstractByteBuf.ensureWritable0(I)V @ 1 c2
Event: 2152.662 Thread 0x0000021411cb5800 Uncommon trap: reason=bimorphic_or_optimized_type_check action=maybe_recompile pc=0x0000021407e2649c method=io.netty.buffer.AbstractByteBuf.checkIndex0(II)V @ 11 c2

Classes redefined (0 events):
No events

Internal exceptions (10 events):
Event: 2024.629 Thread 0x0000021411cb4000 Exception <a 'java/net/SocketTimeoutException'{0x000000008ad631e8}: Read timed out> (0x000000008ad631e8) thrown at [./open/src/hotspot/share/prims/jni.cpp, line 632]
Event: 2054.631 Thread 0x0000021411cb9800 Exception <a 'java/net/SocketTimeoutException'{0x000000008aa79da8}: Read timed out> (0x000000008aa79da8) thrown at [./open/src/hotspot/share/prims/jni.cpp, line 632]
Event: 2054.645 Thread 0x0000021411cb4000 Exception <a 'java/net/SocketTimeoutException'{0x000000008a977ac0}: Read timed out> (0x000000008a977ac0) thrown at [./open/src/hotspot/share/prims/jni.cpp, line 632]
Event: 2084.664 Thread 0x0000021411cb9800 Exception <a 'java/net/SocketTimeoutException'{0x000000008aa82970}: Read timed out> (0x000000008aa82970) thrown at [./open/src/hotspot/share/prims/jni.cpp, line 632]
Event: 2084.680 Thread 0x0000021411cb4000 Exception <a 'java/net/SocketTimeoutException'{0x000000008a97f0b8}: Read timed out> (0x000000008a97f0b8) thrown at [./open/src/hotspot/share/prims/jni.cpp, line 632]
Event: 2114.684 Thread 0x0000021411cb9800 Exception <a 'java/net/SocketTimeoutException'{0x000000008aa8b538}: Read timed out> (0x000000008aa8b538) thrown at [./open/src/hotspot/share/prims/jni.cpp, line 632]
Event: 2114.700 Thread 0x0000021411cb4000 Exception <a 'java/net/SocketTimeoutException'{0x000000008a9866b0}: Read timed out> (0x000000008a9866b0) thrown at [./open/src/hotspot/share/prims/jni.cpp, line 632]
Event: 2144.715 Thread 0x0000021411cb9800 Exception <a 'java/net/SocketTimeoutException'{0x000000008aa94100}: Read timed out> (0x000000008aa94100) thrown at [./open/src/hotspot/share/prims/jni.cpp, line 632]
Event: 2144.729 Thread 0x0000021411cb4000 Exception <a 'java/net/SocketTimeoutException'{0x000000008a98dca8}: Read timed out> (0x000000008a98dca8) thrown at [./open/src/hotspot/share/prims/jni.cpp, line 632]
Event: 2152.435 Thread 0x0000021411cb5800 Exception <a 'java/lang/NoSuchMethodError'{0x000000008a605440}: java.lang.invoke.DirectMethodHandle$Holder.invokeStaticInit(Ljava/lang/Object;Ljava/lang/Object;Ljava/lang/Object;Ljava/lang/Object;)Ljava/lang/Object;> (0x000000008a605440) thrown at [./open

Events (10 events):
Event: 2152.780 loading class io/netty/util/Signal$SignalConstant
Event: 2152.780 loading class io/netty/util/Signal$SignalConstant done
Event: 2152.783 Executing VM operation: RevokeBias
Event: 2152.783 Executing VM operation: RevokeBias done
Event: 2152.784 loading class reactor/netty/http/server/IdleTimeoutHandler
Event: 2152.784 loading class reactor/netty/http/server/IdleTimeoutHandler done
Event: 2152.785 loading class io/netty/handler/timeout/IdleStateHandler
Event: 2152.785 loading class io/netty/handler/timeout/IdleStateHandler done
Event: 2152.790 loading class reactor/netty/ReactorNetty$SimpleConnection
Event: 2152.790 loading class reactor/netty/ReactorNetty$SimpleConnection done


Dynamic libraries:
0x00007ff7177e0000 - 0x00007ff7177ef000 	C:\Program Files\Java\jdk-11.0.16\bin\java.exe
0x00007ffdf83d0000 - 0x00007ffdf85c8000 	C:\WINDOWS\SYSTEM32\ntdll.dll
0x00007ffdf6640000 - 0x00007ffdf66ff000 	C:\WINDOWS\System32\KERNEL32.DLL
0x00007ffdf5ac0000 - 0x00007ffdf5d92000 	C:\WINDOWS\System32\KERNELBASE.dll
0x00007ffdf5e50000 - 0x00007ffdf5f50000 	C:\WINDOWS\System32\ucrtbase.dll
0x00007ffdf12f0000 - 0x00007ffdf1305000 	C:\Program Files\Java\jdk-11.0.16\bin\VCRUNTIME140.dll
0x00007ffdee0f0000 - 0x00007ffdee108000 	C:\Program Files\Java\jdk-11.0.16\bin\jli.dll
0x00007ffdf6f30000 - 0x00007ffdf6fde000 	C:\WINDOWS\System32\ADVAPI32.dll
0x00007ffdf6410000 - 0x00007ffdf64ae000 	C:\WINDOWS\System32\msvcrt.dll
0x00007ffdf6fe0000 - 0x00007ffdf707c000 	C:\WINDOWS\System32\sechost.dll
0x00007ffdf64b0000 - 0x00007ffdf65d5000 	C:\WINDOWS\System32\RPCRT4.dll
0x00007ffdf7ea0000 - 0x00007ffdf8041000 	C:\WINDOWS\System32\USER32.dll
0x00007ffdf5da0000 - 0x00007ffdf5dc2000 	C:\WINDOWS\System32\win32u.dll
0x00007ffdf78b0000 - 0x00007ffdf78db000 	C:\WINDOWS\System32\GDI32.dll
0x00007ffdf6260000 - 0x00007ffdf636f000 	C:\WINDOWS\System32\gdi32full.dll
0x00007ffdf6370000 - 0x00007ffdf640d000 	C:\WINDOWS\System32\msvcp_win.dll
0x00007ffddece0000 - 0x00007ffddef7a000 	C:\WINDOWS\WinSxS\amd64_microsoft.windows.common-controls_6595b64144ccf1df_6.0.19041.1110_none_60b5254171f9507e\COMCTL32.dll
0x00007ffded320000 - 0x00007ffded32a000 	C:\WINDOWS\SYSTEM32\VERSION.dll
0x00007ffdf6ef0000 - 0x00007ffdf6f22000 	C:\WINDOWS\System32\IMM32.DLL
0x00007ffdc1c10000 - 0x00007ffdc1cab000 	C:\Program Files\Java\jdk-11.0.16\bin\msvcp140.dll
0x00007ffda0730000 - 0x00007ffda1248000 	C:\Program Files\Java\jdk-11.0.16\bin\server\jvm.dll
0x00007ffdf7db0000 - 0x00007ffdf7db8000 	C:\WINDOWS\System32\PSAPI.DLL
0x00007ffdf1360000 - 0x00007ffdf1369000 	C:\WINDOWS\SYSTEM32\WSOCK32.dll
0x00007ffdf8050000 - 0x00007ffdf80bb000 	C:\WINDOWS\System32\WS2_32.dll
0x00007ffde1d70000 - 0x00007ffde1d97000 	C:\WINDOWS\SYSTEM32\WINMM.dll
0x00007ffdf4300000 - 0x00007ffdf4312000 	C:\WINDOWS\SYSTEM32\kernel.appcore.dll
0x00007ffdf07c0000 - 0x00007ffdf07d0000 	C:\Program Files\Java\jdk-11.0.16\bin\verify.dll
0x00007ffdf3ff0000 - 0x00007ffdf41d4000 	C:\WINDOWS\SYSTEM32\DBGHELP.DLL
0x00007ffde0bc0000 - 0x00007ffde0bf5000 	C:\WINDOWS\SYSTEM32\dbgcore.DLL
0x00007ffdf6000000 - 0x00007ffdf6082000 	C:\WINDOWS\System32\bcryptPrimitives.dll
0x00007ffdd2760000 - 0x00007ffdd2788000 	C:\Program Files\Java\jdk-11.0.16\bin\java.dll
0x00007ffde0c20000 - 0x00007ffde0c2a000 	C:\Program Files\Java\jdk-11.0.16\bin\jimage.dll
0x00007ffdd5420000 - 0x00007ffdd542e000 	C:\Program Files\Java\jdk-11.0.16\bin\instrument.dll
0x00007ffde0220000 - 0x00007ffde0236000 	C:\Program Files\Java\jdk-11.0.16\bin\zip.dll
0x00007ffdf7150000 - 0x00007ffdf7894000 	C:\WINDOWS\System32\SHELL32.dll
0x00007ffdf3780000 - 0x00007ffdf3f12000 	C:\WINDOWS\SYSTEM32\windows.storage.dll
0x00007ffdf78e0000 - 0x00007ffdf7c35000 	C:\WINDOWS\System32\combase.dll
0x00007ffdf5520000 - 0x00007ffdf5550000 	C:\WINDOWS\SYSTEM32\Wldp.dll
0x00007ffdf7cf0000 - 0x00007ffdf7d9d000 	C:\WINDOWS\System32\SHCORE.dll
0x00007ffdf7e40000 - 0x00007ffdf7e95000 	C:\WINDOWS\System32\shlwapi.dll
0x00007ffdf5a00000 - 0x00007ffdf5a1f000 	C:\WINDOWS\SYSTEM32\profapi.dll
0x00007ffdd54a0000 - 0x00007ffdd54b9000 	C:\Program Files\Java\jdk-11.0.16\bin\net.dll
0x00007ffdee7e0000 - 0x00007ffdee8ec000 	C:\WINDOWS\SYSTEM32\WINHTTP.dll
0x00007ffdf5280000 - 0x00007ffdf52ea000 	C:\WINDOWS\system32\mswsock.dll
0x00007ffdd52a0000 - 0x00007ffdd52b2000 	C:\Program Files\Java\jdk-11.0.16\bin\nio.dll
0x00007ffdcb0d0000 - 0x00007ffdcb0ea000 	C:\Program Files\JetBrains\IntelliJ IDEA Community Edition 2022.2.3\bin\breakgen64.dll
0x00007ffddaf30000 - 0x00007ffddaf39000 	C:\Program Files\Java\jdk-11.0.16\bin\management.dll
0x00007ffdda730000 - 0x00007ffdda73b000 	C:\Program Files\Java\jdk-11.0.16\bin\management_ext.dll
0x00007ffdf4f00000 - 0x00007ffdf4f3b000 	C:\WINDOWS\SYSTEM32\IPHLPAPI.DLL
0x00007ffdf7da0000 - 0x00007ffdf7da8000 	C:\WINDOWS\System32\NSI.dll
0x00007ffdeb770000 - 0x00007ffdeb787000 	C:\WINDOWS\SYSTEM32\dhcpcsvc6.DLL
0x00007ffded200000 - 0x00007ffded21d000 	C:\WINDOWS\SYSTEM32\dhcpcsvc.DLL
0x00007ffdf4f40000 - 0x00007ffdf500a000 	C:\WINDOWS\SYSTEM32\DNSAPI.dll
0x00007ffde5280000 - 0x00007ffde528a000 	C:\Windows\System32\rasadhlp.dll
0x00007ffde6550000 - 0x00007ffde65d0000 	C:\WINDOWS\System32\fwpuclnt.dll
0x00007ffdf5e20000 - 0x00007ffdf5e47000 	C:\WINDOWS\System32\bcrypt.dll
0x00007ffddb350000 - 0x00007ffddb367000 	C:\WINDOWS\system32\napinsp.dll
0x00007ffddb330000 - 0x00007ffddb34b000 	C:\WINDOWS\system32\pnrpnsp.dll
0x00007ffdda8f0000 - 0x00007ffdda905000 	C:\WINDOWS\system32\wshbth.dll
0x00007ffdf1200000 - 0x00007ffdf121d000 	C:\WINDOWS\system32\NLAapi.dll
0x00007ffdda8d0000 - 0x00007ffdda8e2000 	C:\WINDOWS\System32\winrnr.dll
0x00007ffdf5470000 - 0x00007ffdf5488000 	C:\WINDOWS\SYSTEM32\CRYPTSP.dll
0x00007ffdf4b00000 - 0x00007ffdf4b34000 	C:\WINDOWS\system32\rsaenh.dll
0x00007ffdf5980000 - 0x00007ffdf59ae000 	C:\WINDOWS\SYSTEM32\USERENV.dll
0x00007ffdf5490000 - 0x00007ffdf549c000 	C:\WINDOWS\SYSTEM32\CRYPTBASE.dll
0x00007ffdcae50000 - 0x00007ffdcae75000 	C:\Program Files\Java\jdk-11.0.16\bin\sunec.dll

dbghelp: loaded successfully - version: 4.0.5 - missing functions: none
symbol engine: initialized successfully - sym options: 0x614 - pdb path: .;C:\Program Files\Java\jdk-11.0.16\bin;C:\WINDOWS\SYSTEM32;C:\WINDOWS\WinSxS\amd64_microsoft.windows.common-controls_6595b64144ccf1df_6.0.19041.1110_none_60b5254171f9507e;C:\Program Files\Java\jdk-11.0.16\bin\server;C:\Program Files\JetBrains\IntelliJ IDEA Community Edition 2022.2.3\bin

VM Arguments:
jvm_args: -javaagent:C:\Program Files\JetBrains\IntelliJ IDEA Community Edition 2022.2.3\lib\idea_rt.jar=56218:C:\Program Files\JetBrains\IntelliJ IDEA Community Edition 2022.2.3\bin -Dfile.encoding=UTF-8 
java_command: com.axis.pros.ProsApplicationKt
java_class_path (initial): C:\Users\HP\OneDrive\Documents\Axis Ecommerce\pros\build\classes\kotlin\main;C:\Users\HP\OneDrive\Documents\Axis Ecommerce\pros\build\resources\main;C:\Users\HP\.gradle\caches\modules-2\files-2.1\org.jetbrains.kotlinx\kotlinx-coroutines-reactor\1.6.4\da962995ce46d7202a4cb8ffaf23f55bf745f7d7\kotlinx-coroutines-reactor-1.6.4.jar;C:\Users\HP\.gradle\caches\modules-2\files-2.1\org.jetbrains.kotlin\kotlin-stdlib-jdk8\1.6.21\eeb4d60d75e9ea9c11200d52974e522793b14fba\kotlin-stdlib-jdk8-1.6.21.jar;C:\Users\HP\.gradle\caches\modules-2\files-2.1\org.springframework.boot\spring-boot-starter-data-mongodb-reactive\2.7.10\5922fc6fee86fa713d12fcae37d56fdc93ea7981\spring-boot-starter-data-mongodb-reactive-2.7.10.jar;C:\Users\HP\.gradle\caches\modules-2\files-2.1\org.springframework.boot\spring-boot-starter-webflux\2.7.10\a55fd9f31e399d1e2ae6035ee2a630b4ee8aeba8\spring-boot-starter-webflux-2.7.10.jar;C:\Users\HP\.gradle\caches\modules-2\files-2.1\org.springframework.cloud\spring-cloud-starter-netflix-eureka-client\3.1.5\3569885be7c2b2a1652af447a33f9f73265ae0b7\spring-cloud-starter-netflix-eureka-client-3.1.5.jar;C:\Users\HP\.gradle\caches\modules-2\files-2.1\com.fasterxml.jackson.module\jackson-module-kotlin\2.13.5\c22de8b60ce2a6af5f9c3021d3c67495832dc63c\jackson-module-kotlin-2.13.5.jar;C:\Users\HP\.gradle\caches\modules-2\files-2.1\io.projectreactor.kotlin\reactor-kotlin-extensions\1.1.10\21ad8750af73b951401cb880860717a6ee6be23d\reactor-kotlin-extensions-1.1.10.jar;C:\Users\HP\.gradle\caches\modules-2\files-2.1\org.jetbrains.kotlin\kotlin-reflect\1.6.21\5dc3574d9b7bebfcb4ec6b10ada4aaa9e140bd0b\kotlin-reflect-1.6.21.jar;C:\Users\HP\.gradle\caches\modules-2\files-2.1\org.jetbrains.kotlinx\kotlinx-coroutines-reactive\1.6.4\e35b77a7cb75319cc59d4a174c58739887c4aafc\kotlinx-coroutines-reactive-1.6.4.jar;C:\Users\HP\.gradle\caches\modules-2\files-2.1\io.projectreactor\reactor-core\3.4.28\2bd0552a66befbf46add163d36a8b7acc3295d27\reactor-core-3.4.28.jar;C:\Users
Launcher Type: SUN_STANDARD

[Global flags]
     intx CICompilerCount                          = 3                                         {product} {ergonomic}
     uint ConcGCThreads                            = 1                                         {product} {ergonomic}
     uint G1ConcRefinementThreads                  = 4                                         {product} {ergonomic}
   size_t G1HeapRegionSize                         = 1048576                                   {product} {ergonomic}
    uintx GCDrainStackTargetSize                   = 64                                        {product} {ergonomic}
   size_t InitialHeapSize                          = 134217728                                 {product} {ergonomic}
   size_t MarkStackSize                            = 4194304                                   {product} {ergonomic}
   size_t MaxHeapSize                              = 2124414976                                {product} {ergonomic}
   size_t MaxNewSize                               = 1274019840                                {product} {ergonomic}
   size_t MinHeapDeltaBytes                        = 1048576                                   {product} {ergonomic}
    uintx NonNMethodCodeHeapSize                   = 5830732                                {pd product} {ergonomic}
    uintx NonProfiledCodeHeapSize                  = 122913754                              {pd product} {ergonomic}
    uintx ProfiledCodeHeapSize                     = 122913754                              {pd product} {ergonomic}
    uintx ReservedCodeCacheSize                    = 251658240                              {pd product} {ergonomic}
     bool SegmentedCodeCache                       = true                                      {product} {ergonomic}
     bool UseCompressedClassPointers               = true                                 {lp64_product} {ergonomic}
     bool UseCompressedOops                        = true                                 {lp64_product} {ergonomic}
     bool UseG1GC                                  = true                                      {product} {ergonomic}
     bool UseLargePagesIndividualAllocation        = false                                  {pd product} {ergonomic}

Logging:
Log output configuration:
 #0: stdout all=warning uptime,level,tags
 #1: stderr all=off uptime,level,tags

Environment Variables:
PATH=C:\Python311\Scripts\;C:\Python311\;C:\Program Files (x86)\Common Files\Oracle\Java\javapath;C:\Program Files\Common Files\Oracle\Java\javapath;C:\WINDOWS\system32;C:\WINDOWS;C:\WINDOWS\System32\Wbem;C:\WINDOWS\System32\WindowsPowerShell\v1.0\;C:\WINDOWS\System32\OpenSSH\;C:\Program Files\Git\cmd;C:\Users\HP\Downloads\sonar-scanner-4.7.0.2747-windows\bin;C:\Program Files\MongoDB\Server\6.0\bin;C:\Program Files (x86)\Google\Cloud SDK\google-cloud-sdk\bin;C:\Program Files\Docker\Docker\resources\bin;C:\Users\HP\Downloads\apache-maven-3.9.0\apache-maven\src\bin;C:\Users\HP\Downloads\apache-maven-3.9.0\bin;C:\Program Files\MongoDB\Server\6.0\bin;C:\Users\HP\Downloads\mongosh-1.8.0-win32-x64\bin;C:\ProgramData\chocolatey\bin;C:\Program Files\nodejs\;C:\Users\HP\AppData\Local\Microsoft\WindowsApps;C:\Users\HP\AppData\Local\Programs\Microsoft VS Code\bin;C:\Users\HP\Downloads\sonar-scanner-4.7.0.2747-windows\bin;C:\Program Files\heroku\bin;C:\Users\HP\Downloads\apache-maven-3.9.0\bin;C:\Users\HP\AppData\Roaming\npm
USERNAME=HP
OS=Windows_NT
PROCESSOR_IDENTIFIER=Intel64 Family 6 Model 142 Stepping 9, GenuineIntel



---------------  S Y S T E M  ---------------

OS: Windows 10 , 64 bit Build 19041 (10.0.19041.2364)
Hyper-V role detected

CPU:total 4 (initial active 4) (2 cores per cpu, 2 threads per core) family 6 model 142 stepping 9 microcode 0xde, cmov, cx8, fxsr, mmx, sse, sse2, sse3, ssse3, sse4.1, sse4.2, popcnt, avx, avx2, aes, clmul, erms, 3dnowpref, lzcnt, ht, tsc, tscinvbit, bmi1, bmi2, adx, fma

Memory: 4k page, system-wide physical 8103M (350M free)
TotalPageFile size 16267M (AvailPageFile size 1M)
current process WorkingSet (physical memory assigned to process): 114M, peak: 335M
current process commit charge ("private bytes"): 366M, peak: 397M

vm_info: Java HotSpot(TM) 64-Bit Server VM (11.0.16+11-LTS-199) for windows-amd64 JRE (11.0.16+11-LTS-199), built on Jun 28 2022 08:23:17 by "mach5one" with MS VC++ 15.9 (VS2017)

END.
